- | [] | [20231218 22:19:36.092] | [INFO] | [LAPTOP-6NHPU767] | [main] | [c.c.l.LogbackDemoApplication] | --> Starting LogbackDemoApplication using Java 17.0.4.1 with PID 18332 (D:\workspace\javaWorkspace\springboot-demo\logback-demo\target\classes started by maste in D:\workspace\javaWorkspace\springboot-demo)|
- | [] | [20231218 22:19:36.093] | [DEBUG] | [LAPTOP-6NHPU767] | [main] | [c.c.l.LogbackDemoApplication] | --> Running with Spring Boot v3.2.0, Spring v6.1.1|
- | [] | [20231218 22:19:36.093] | [INFO] | [LAPTOP-6NHPU767] | [main] | [c.c.l.LogbackDemoApplication] | --> No active profile set, falling back to 1 default profile: "default"|
- | [] | [20231218 22:19:36.476] | [DEBUG] | [LAPTOP-6NHPU767] | [main] | [c.b.m.a.MybatisPlusAutoConfiguration] | --> Searching for mappers annotated with @Mapper|
- | [] | [20231218 22:19:36.476] | [DEBUG] | [LAPTOP-6NHPU767] | [main] | [c.b.m.a.MybatisPlusAutoConfiguration] | --> Using auto-configuration base package 'com.chengkz.logbackdemo'|
- | [] | [20231218 22:19:36.555] | [DEBUG] | [LAPTOP-6NHPU767] | [main] | [o.apache.ibatis.logging.LogFactory] | --> Logging initialized using 'class org.apache.ibatis.logging.slf4j.Slf4jImpl' adapter.|
- | [] | [20231218 22:19:36.556] | [WARN] | [LAPTOP-6NHPU767] | [main] | [o.m.s.mapper.ClassPathMapperScanner] | --> No MyBatis mapper was found in '[com.chengkz.logbackdemo]' package. Please check your configuration.|
- | [] | [20231218 22:19:36.797] | [INFO] | [LAPTOP-6NHPU767] | [main] | [o.a.coyote.http11.Http11NioProtocol] | --> Initializing ProtocolHandler ["http-nio-80"]|
- | [] | [20231218 22:19:36.798] | [INFO] | [LAPTOP-6NHPU767] | [main] | [o.a.catalina.core.StandardService] | --> Starting service [Tomcat]|
- | [] | [20231218 22:19:36.798] | [INFO] | [LAPTOP-6NHPU767] | [main] | [o.a.catalina.core.StandardEngine] | --> Starting Servlet engine: [Apache Tomcat/10.1.16]|
- | [] | [20231218 22:19:36.827] | [INFO] | [LAPTOP-6NHPU767] | [main] | [o.a.c.c.C.[Tomcat].[localhost].[/]] | --> Initializing Spring embedded WebApplicationContext|
- | [] | [20231218 22:19:36.939] | [DEBUG] | [LAPTOP-6NHPU767] | [main] | [_.s.w.s.HandlerMapping.Mappings] | --> 
	o.s.b.a.w.s.e.BasicErrorController:
	{ [/error]}: error(HttpServletRequest)
	{ [/error], produces [text/html]}: errorHtml(HttpServletRequest,HttpServletResponse)|
- | [] | [20231218 22:19:36.944] | [DEBUG] | [LAPTOP-6NHPU767] | [main] | [_.s.w.s.HandlerMapping.Mappings] | --> 'beanNameHandlerMapping' {}|
- | [] | [20231218 22:19:36.980] | [DEBUG] | [LAPTOP-6NHPU767] | [main] | [_.s.w.s.HandlerMapping.Mappings] | --> 'resourceHandlerMapping' {/webjars/**=ResourceHttpRequestHandler [classpath [META-INF/resources/webjars/]], /**=ResourceHttpRequestHandler [classpath [META-INF/resources/], classpath [resources/], classpath [static/], classpath [public/], ServletContext [/]]}|
- | [] | [20231218 22:19:37.061] | [INFO] | [LAPTOP-6NHPU767] | [main] | [c.a.d.s.b.a.DruidDataSourceAutoConfigure] | --> Init DruidDataSource|
- | [] | [20231218 22:19:37.328] | [INFO] | [LAPTOP-6NHPU767] | [main] | [c.alibaba.druid.pool.DruidDataSource] | --> {dataSource-1} inited|
- | [] | [20231218 22:19:37.333] | [DEBUG] | [LAPTOP-6NHPU767] | [main] | [c.b.m.a.MybatisPlusAutoConfiguration] | --> Not found configuration for registering mapper bean using @MapperScan, MapperFactoryBean and MapperScannerConfigurer.|
- | [] | [20231218 22:19:37.367] | [DEBUG] | [LAPTOP-6NHPU767] | [main] | [c.b.m.e.s.MybatisSqlSessionFactoryBean] | --> Property 'mapperLocations' was not specified.|
- | [] | [20231218 22:19:37.386] | [DEBUG] | [LAPTOP-6NHPU767] | [main] | [c.b.m.core.toolkit.Sequence] | --> Initialization Sequence datacenterId:29 workerId:4|
- | [] | [20231218 22:19:37.498] | [INFO] | [LAPTOP-6NHPU767] | [main] | [o.a.coyote.http11.Http11NioProtocol] | --> Starting ProtocolHandler ["http-nio-80"]|
- | [] | [20231218 22:19:37.513] | [INFO] | [LAPTOP-6NHPU767] | [main] | [c.c.l.LogbackDemoApplication] | --> Started LogbackDemoApplication in 1.765 seconds (process running for 2.121)|
- | [] | [20231218 22:20:46.022] | [INFO] | [LAPTOP-6NHPU767] | [SpringApplicationShutdownHook] | [c.alibaba.druid.pool.DruidDataSource] | --> {dataSource-1} closing ...|
- | [] | [20231218 22:20:46.027] | [INFO] | [LAPTOP-6NHPU767] | [SpringApplicationShutdownHook] | [c.alibaba.druid.pool.DruidDataSource] | --> {dataSource-1} closed|
